make all --print-data-base --no-builtin-variables --no-builtin-rules --question
# GNU Make 3.81
# Copyright (C) 2006  Free Software Foundation, Inc.
# This is free software; see the source for copying conditions.
# There is NO warranty; not even for MERCHANTABILITY or FITNESS FOR A
# PARTICULAR PURPOSE.

# This program built for i386-apple-darwin11.3.0

# Make data base, printed on Sat Aug 20 23:58:17 2022

# Variables

# automatic
<D = $(patsubst %/,%,$(dir $<))
# automatic
?F = $(notdir $?)
# environment
LC_CTYPE = 
# environment
NVM_INC = /Users/sweet/.nvm/versions/node/v16.13.0/include/node
# automatic
?D = $(patsubst %/,%,$(dir $?))
# environment
rvm_path = /Users/sweet/.rvm
# automatic
@D = $(patsubst %/,%,$(dir $@))
# automatic
@F = $(notdir $@)
# makefile
CURDIR := /Users/sweet/monorepo/lerna-monorepo-vitepress
# makefile
SHELL = /bin/sh
# environment
VSCODE_NLS_CONFIG = {"locale":"zh-cn","availableLanguages":{"*":"zh-cn"},"_languagePackId":"08bdb29c43b4c03defdaaecc51ad48b6.zh-cn","_translationsConfigFile":"/Users/sweet/Library/Application Support/Code - Insiders/clp/08bdb29c43b4c03defdaaecc51ad48b6.zh-cn/tcf.json","_cacheRoot":"/Users/sweet/Library/Application Support/Code - Insiders/clp/08bdb29c43b4c03defdaaecc51ad48b6.zh-cn","_resolvedLanguagePackCoreLocation":"/Users/sweet/Library/Application Support/Code - Insiders/clp/08bdb29c43b4c03defdaaecc51ad48b6.zh-cn/28f604dec81b609dd7e69362585f7a99d4c48f88","_corruptedFile":"/Users/sweet/Library/Application Support/Code - Insiders/clp/08bdb29c43b4c03defdaaecc51ad48b6.zh-cn/corrupted.info","_languagePackSupport":true}
# environment
_ = /usr/bin/make
# environment
WALLABY_PRODUCTION = true
# environment
_system_version = 12.5
# makefile (from `Makefile', line 1)
MAKEFILE_LIST :=  Makefile
# environment
AUTOJUMP_SOURCED = 1
# environment
__CFBundleIdentifier = com.microsoft.VSCodeInsiders
# environment
INFOPATH = /usr/local/share/info:
# environment
VSCODE_CWD = /
# environment
PATH = /Users/sweet/Library/Application Support/cloud-code/installer/google-cloud-sdk/bin:/Users/sweet/Library/pnpm:/Users/sweet/.nvm/versions/node/v12.10.0/lib/node_modules/vue-cli/bin:/Users/sweet/.nvm/versions/node/v16.13.0/bin:/usr/local/opt/php@7.0/sbin:/usr/local/opt/php@7.0/bin:/Users/sweet/software/apache-maven-3.5.4/bin:./node_modules/.bin:/Users/sweet/.yarn/bin:/Users/sweet/.config/yarn/global/node_modules/.bin:/Users/sweet/anaconda3/condabin:/Users/sweet/anaconda2/bin:/Users/sweet/tensorflow/flutter/bin:/Users/sweet/software/apache-maven-3.5.4/bin:/Users/sweet/anaconda2/bin:/Library/Frameworks/Python.framework/Versions/2.7/bin:/Library/Frameworks/Python.framework/Versions/3.5/bin:/Library/Frameworks/Python.framework/Versions/3.5/bin:/usr/local/bin:/usr/local/sbin:/usr/local/bin:/usr/bin:/bin:/usr/sbin:/sbin:/Library/Apple/usr/bin:/usr/local/mysql/bin:/Users/sweet/.rvm/bin:/Users/sweet/Library/Android/sdk/tools:/Users/sweet/Library/Android/sdk/platform-tools:/usr/local/lib/node_modules/vue-cli/bin:/usr/local/mongodb/bin:/Users/sweet/.rvm/bin:/Users/sweet/google-cloud-sdk/bin
# environment
LSCOLORS = Gxfxcxdxbxegedabagacad
# environment
rvm_stored_umask = 022
# environment
PNPM_HOME = /Users/sweet/Library/pnpm
# environment
NVM_BIN = /Users/sweet/.nvm/versions/node/v16.13.0/bin
# environment
_system_name = OSX
# environment
ELECTRON_RUN_AS_NODE = 1
# environment
ANDROID_HOME = /Users/sweet/Library/Android/sdk
# environment
M2 = /Users/sweet/software/apache-maven-3.5.4/bin
# default
.FEATURES := target-specific order-only second-expansion else-if archives jobserver check-symlink
# environment
CLOUDSDK_METRICS_ENVIRONMENT = cloudcode.vscode
# environment
SSH_AUTH_SOCK = /private/tmp/com.apple.launchd.bLcrqi9ViX/Listeners
# automatic
%F = $(notdir $%)
# environment
CONDA_EXE = /Users/sweet/anaconda3/bin/conda
# environment
CLOUDSDK_METRICS_ENVIRONMENT_VERSION = 1.20.1
# environment
rvm_bin_path = /Users/sweet/.rvm/bin
# environment
PWD = /Users/sweet/monorepo/lerna-monorepo-vitepress
# environment
HOMEBREW_CELLAR = /usr/local/Cellar
# environment
ORIGINAL_XDG_CURRENT_DESKTOP = undefined
# environment
MANPATH = /Users/sweet/.nvm/versions/node/v16.13.0/share/man:/usr/local/share/man::
# environment
VSCODE_AMD_ENTRYPOINT = vs/workbench/api/node/extensionHostProcess
# environment
HOME = /Users/sweet
# default
MAKEFILEPATH := /Applications/Xcode.app/Contents/Developer/Makefiles
# environment
VSCODE_CODE_CACHE_PATH = /Users/sweet/Library/Application Support/Code - Insiders/CachedData/28f604dec81b609dd7e69362585f7a99d4c48f88
# environment
LOGNAME = sweet
# environment
APPLICATION_INSIGHTS_NO_DIAGNOSTIC_CHANNEL = 1
# environment
NVM_CD_FLAGS = -q
# environment
ZSH = /Users/sweet/.oh-my-zsh
# environment
M2_HOME = /Users/sweet/software/apache-maven-3.5.4
# environment
VSCODE_HANDLES_UNCAUGHT_ERRORS = true
# automatic
^D = $(patsubst %/,%,$(dir $^))
# environment
XPC_FLAGS = 0x0
# default
MAKE = $(MAKE_COMMAND)
# environment
MONGO_PATH = /usr/local/mongodb
# default
MAKECMDGOALS := all
# environment
SHLVL = 1
# default
MAKE_VERSION := 3.81
# environment
USER = sweet
# makefile
.DEFAULT_GOAL := default
# environment
HOMEBREW_BOTTLE_DOMAIN = https://mirrors.ustc.edu.cn/homebrew-bottles/bottles
# environment
rvm_version = 1.27.0 (latest)
# environment
LESS = -R
# automatic
%D = $(patsubst %/,%,$(dir $%))
# environment
CONDA_SHLVL = 0
# default
MAKE_COMMAND := /Applications/Xcode.app/Contents/Developer/usr/bin/make
# default
.VARIABLES := 
# environment
TMPDIR = /var/folders/kq/5l_rlt6j61sg8x3rlww3gb_c0000gn/T/
# automatic
*F = $(notdir $*)
# environment
NODE_PATH = /usr/local/lib/node_modules
# environment
VSCODE_IPC_HOOK = /Users/sweet/Library/Application Support/Code - Insiders/1.71.0-insider-main.sock
# environment
MallocNanoZone = 0
# makefile
MAKEFLAGS = Rrqp
# environment
MFLAGS = -Rrqp
# automatic
*D = $(patsubst %/,%,$(dir $*))
# environment
NVM_DIR = /Users/sweet/.nvm
# environment
HOMEBREW_SHELLENV_PREFIX = /usr/local
# environment
XPC_SERVICE_NAME = application.com.microsoft.VSCodeInsiders.8910258895.8910258901
# environment
HOMEBREW_PREFIX = /usr/local
# automatic
+D = $(patsubst %/,%,$(dir $+))
# environment
rvm_user_install_flag = 1
# automatic
+F = $(notdir $+)
# environment
HOMEBREW_REPOSITORY = /usr/local/Homebrew
# environment
__CF_USER_TEXT_ENCODING = 0x1F5:0x0:0x2
# environment
COMMAND_MODE = unix2003
# default
MAKEFILES := 
# environment
_system_type = Darwin
# automatic
<F = $(notdir $<)
# environment
PAGER = less
# environment
LC_ALL = C
# environment
CONDA_PYTHON_EXE = /Users/sweet/anaconda3/bin/python
# automatic
^F = $(notdir $^)
# environment
rvm_prefix = /Users/sweet
# default
SUFFIXES := 
# environment
_CE_M = 
# environment
_system_arch = x86_64
# default
.INCLUDE_DIRS = /usr/local/include
# environment
rvm_loaded_flag = 1
# environment
MAKELEVEL := 0
# environment
AUTOJUMP_ERROR_PATH = /Users/sweet/Library/autojump/errors.log
# environment
LANG = C
# environment
VSCODE_PID = 39140
# environment
_CE_CONDA = 
# variable set hash-table stats:
# Load=101/1024=10%, Rehash=0, Collisions=2/125=2%

# Pattern-specific Variable Values

# No pattern-specific variable values.

# Directories

# . (device 16777220, inode 8907363251): 16 files, no impossibilities.

# 16 files, no impossibilities in 1 directories.

# Implicit Rules

# No implicit rules.

# Files

e2e:
#  Implicit rule search has not been done.
#  Modification time never checked.
#  File has not been updated.
#  commands to execute (from `Makefile', line 33):
	pnpm run test:e2e
	

pre:
#  Implicit rule search has not been done.
#  Modification time never checked.
#  File has not been updated.
#  commands to execute (from `Makefile', line 39):
	pnpm run precommit
	

# Not a target:
all:
#  Command-line target.
#  Implicit rule search has been done.
#  File does not exist.
#  File has not been updated.
# variable set hash-table stats:
# Load=0/32=0%, Rehash=0, Collisions=0/0=0%

.PHONY: app
#  Implicit rule search has not been done.
#  Modification time never checked.
#  File has not been updated.

autofix:
#  Implicit rule search has not been done.
#  Modification time never checked.
#  File has not been updated.
#  commands to execute (from `Makefile', line 15):
	pnpm run autofix
	

# Not a target:
.SUFFIXES:
 
make: *** No rule to make target `all'.  Stop.

#  Implicit rule search has not been done.
#  Modification time never checked.
#  File has not been updated.

# Not a target:
Makefile:
#  Implicit rule search has been done.
#  Last modified 2022-06-12 23:24:20
#  File has been updated.
#  Successfully updated.
# variable set hash-table stats:
# Load=0/32=0%, Rehash=0, Collisions=0/0=0%

app:
#  Phony target (prerequisite of .PHONY).
#  Implicit rule search has not been done.
#  File does not exist.
#  File has not been updated.

test:
#  Implicit rule search has not been done.
#  Modification time never checked.
#  File has not been updated.
#  commands to execute (from `Makefile', line 21):
	pnpm run build:development
	

analyz:
#  Implicit rule search has not been done.
#  Modification time never checked.
#  File has not been updated.
#  commands to execute (from `Makefile', line 9):
	pnpm run analyz
	

build:
#  Implicit rule search has not been done.
#  Modification time never checked.
#  File has not been updated.
#  commands to execute (from `Makefile', line 12):
	pnpm run docs-build
	

dll:
#  Implicit rule search has not been done.
#  Modification time never checked.
#  File has not been updated.
#  commands to execute (from `Makefile', line 18):
	pnpm run build:dll
	

# Not a target:
help:
#  Implicit rule search has not been done.
#  Modification time never checked.
#  File has not been updated.

default: help
#  Implicit rule search has not been done.
#  Modification time never checked.
#  File has not been updated.

pro:
#  Implicit rule search has not been done.
#  Modification time never checked.
#  File has not been updated.
#  commands to execute (from `Makefile', line 24):
	pnpm run docs-build
	

dev:
#  Implicit rule search has not been done.
#  Modification time never checked.
#  File has not been updated.
#  commands to execute (from `Makefile', line 6):
	pnpm run docs
	

# Not a target:
.DEFAULT:
#  Implicit rule search has not been done.
#  Modification time never checked.
#  File has not been updated.

unit:
#  Implicit rule search has not been done.
#  Modification time never checked.
#  File has not been updated.
#  commands to execute (from `Makefile', line 36):
	pnpm run test:unit
	

lint:
#  Implicit rule search has not been done.
#  Modification time never checked.
#  File has not been updated.
#  commands to execute (from `Makefile', line 30):
	pnpm run lint
	

deploy:
#  Implicit rule search has not been done.
#  Modification time never checked.
#  File has not been updated.
#  commands to execute (from `Makefile', line 27):
	pnpm run deploy
	

# files hash-table stats:
# Load=20/1024=2%, Rehash=0, Collisions=1/34=3%
# VPATH Search Paths

# No `vpath' search paths.

# No general (`VPATH' variable) search path.

# # of strings in strcache: 1
# # of strcache buffers: 1
# strcache size: total = 4096 / max = 4096 / min = 4096 / avg = 4096
# strcache free: total = 4087 / max = 4087 / min = 4087 / avg = 4087

# Finished Make data base on Sat Aug 20 23:58:17 2022

 
